<?xml version="1.0" encoding="UTF-8"?>
<!-- Generated by org.testng.reporters.JUnitReportReporter -->
<testsuite hostname="LAPTOP-A4ROGLP3" failures="0" tests="1" name="Task.Task1" time="41.587" errors="0" timestamp="2023-10-19T11:31:50 IST" skipped="0">
  <testcase classname="Task.Task1" name="task1" time="41.587"/>
  <system-out/>
</testsuite> <!-- Task.Task1 -->
