<?xml version="1.0" encoding="UTF-8"?>
<!-- Generated by org.testng.reporters.JUnitReportReporter -->
<testsuite hostname="LAPTOP-A4ROGLP3" failures="0" tests="1" name="Task.Task3" time="58.925" errors="0" timestamp="2023-10-20T17:36:03 IST" skipped="0">
  <testcase classname="Task.Task3" name="task3" time="58.925"/>
  <system-out/>
</testsuite> <!-- Task.Task3 -->
