<?xml version="1.0" encoding="UTF-8"?>
<!-- Generated by org.testng.reporters.JUnitReportReporter -->
<testsuite hostname="LAPTOP-A4ROGLP3" failures="0" tests="1" name="Log4J.Print_In_Console" time="0.041" errors="0" timestamp="2023-04-26T15:18:57 IST" skipped="0">
  <testcase classname="Log4J.Print_In_Console" name="build" time="0.041"/>
  <system-out/>
</testsuite> <!-- Log4J.Print_In_Console -->
