<?xml version="1.0" encoding="UTF-8"?>
<!-- Generated by org.testng.reporters.JUnitReportReporter -->
<testsuite hostname="LAPTOP-A4ROGLP3" failures="0" tests="1" name="Log4J.Report_In_reportFolder" time="0.060" errors="0" timestamp="2023-04-26T15:05:20 IST" skipped="0">
  <testcase classname="Log4J.Report_In_reportFolder" name="folder" time="0.060"/>
  <system-out/>
</testsuite> <!-- Log4J.Report_In_reportFolder -->
