<?xml version="1.0" encoding="UTF-8"?>
<!-- Generated by org.testng.reporters.JUnitReportReporter -->
<testsuite hostname="LAPTOP-A4ROGLP3" failures="0" tests="1" name="Log4J.Pro" time="0.036" errors="0" timestamp="2023-04-26T14:45:20 IST" skipped="0">
  <testcase classname="Log4J.Pro" name="build" time="0.036"/>
  <system-out/>
</testsuite> <!-- Log4J.Pro -->
