<?xml version="1.0" encoding="UTF-8"?>
<!-- Generated by org.testng.reporters.JUnitReportReporter -->
<testsuite hostname="LAPTOP-A4ROGLP3" failures="0" tests="8" name="dataprovider.DataProvide" time="80.688" errors="0" timestamp="2023-04-28T20:07:06 IST" skipped="0">
  <testcase classname="dataprovider.DataProvide" name="test" time="9.602"/>
  <system-out/>
  <testcase classname="dataprovider.DataProvide" name="test" time="11.720"/>
  <system-out/>
  <testcase classname="dataprovider.DataProvide" name="test" time="9.812"/>
  <system-out/>
  <testcase classname="dataprovider.DataProvide" name="test" time="9.961"/>
  <system-out/>
  <testcase classname="dataprovider.DataProvide" name="test" time="9.579"/>
  <system-out/>
  <testcase classname="dataprovider.DataProvide" name="test" time="9.807"/>
  <system-out/>
  <testcase classname="dataprovider.DataProvide" name="test" time="9.557"/>
  <system-out/>
  <testcase classname="dataprovider.DataProvide" name="test" time="10.650"/>
  <system-out/>
</testsuite> <!-- dataprovider.DataProvide -->
